<?xml version="1.0" encoding="utf-8"?><testsuites><testsuite name="pytest" errors="0" failures="0" skipped="0" tests="6" time="0.088" timestamp="2023-06-28T10:48:52.000180" hostname="PMC_31977"><testcase classname="main.tests.test_bytebank.TestClass" name="test_quando_idade_recebe_13_03_2001_deve_retornar_22" time="0.002" /><testcase classname="main.tests.test_bytebank.TestClass" name="test_quando_sobrenome_recebe_Lucas_carvalho_retornar_Carvalho" time="0.001" /><testcase classname="main.tests.test_bytebank.TestClass" name="test_decressimo_salario_quando_recebe_100000_deve_retornar_90000" time="0.001" /><testcase classname="main.tests.test_bytebank.TestClass" name="test_quando_calcular_bonus_recebe_1000_retornar_100" time="0.001" /><testcase classname="main.tests.test_bytebank.TestClass" name="test_quando_calcular_recebe_10000_deve_retornar_expection" time="0.001" /><testcase classname="main.tests.test_bytebank.TestClass" name="test_retorno_str" time="0.001" /></testsuite></testsuites>